<?xml version="1.0" encoding="UTF-8"?>
<!-- Generated by org.testng.reporters.JUnitXMLReporter -->
<testsuite ignored="0" hostname="DESKTOP-C6P7SV7" failures="1" tests="14" name="SignIn_Test" time="180.217" errors="0" timestamp="2024-06-25T14:43:50 MDT">
  <testcase classname="testcases_SignIn.TC_002_SignIn" name="tc_002_Invalidomainname" time="1.076"/>
  <testcase classname="testcases_SignIn.TC_011_SignIn" name="tc_011" time="1.431"/>
  <testcase classname="testcases_SignIn.TC_010_SignIn" name="tc_010" time="1.235"/>
  <testcase classname="testcases_SignIn.TC_003_SignIn" name="tc_003" time="1.591"/>
  <testcase classname="testcases_SignIn.TC_001_SignIn" name="tc_001" time="0.449"/>
  <testcase classname="testcases_SignIn.TC_004_SignIn" name="tc_004_validEmail" time="2.315"/>
  <testcase classname="testcases_SignIn.TC_005_SignIn" name="tc_005_InvalidEmail" time="1.75"/>
  <testcase classname="testcases_SignIn.TC_016_SignIn" name="tc_016" time="0.279"/>
  <testcase classname="testcases_SignIn.TC_009_SignIn" name="tc_009" time="2.502"/>
  <testcase classname="testcases_SignIn.TC_018_SignIn" name="tc_018" time="0.4"/>
  <testcase classname="testcases_SignIn.TC_017_SignIn" name="tc_017" time="0.317"/>
  <testcase classname="testcases_SignIn.TC_006_SignIn" name="tc_006" time="1.525"/>
  <testcase classname="testcases_SignIn.TC_008_SignIn" name="f" time="3.606">
    <failure type="java.lang.AssertionError" message="expected [true] but found [false]">
      <![CDATA[java.lang.AssertionError: expected [true] but found [false]
at testcases_SignIn.TC_008_SignIn.f(TC_008_SignIn.java:35)
at java.base/java.util.ArrayList.forEach(ArrayList.java:1511)
... Removed 33 stack frames]]>
    </failure>
  </testcase> <!-- f -->
  <testcase classname="testcases_SignIn.TC_007_SignIn" name="tc_007" time="4.786"/>
</testsuite> <!-- SignIn_Test -->
