<?xml version="1.0" encoding="UTF-8"?>
<!-- Generated by org.testng.reporters.JUnitXMLReporter -->
<testsuite ignored="0" hostname="DESKTOP-C6P7SV7" failures="2" tests="15" name="Test" time="215.487" errors="0" timestamp="2024-07-15T11:43:05 MDT">
  <testcase classname="testcases_KnowledgeSets.TC_011_KnowledgeSets" name="tc_011_Verify_Home_button" time="9.297"/>
  <testcase classname="testcases_KnowledgeSets.TC_003_KnowledgeSets" name="tc_003_Verify_3dots" time="6.439"/>
  <testcase classname="testcases_KnowledgeSets.TC_002_KnowledgeSets" name="tc_002_KnowledgeSets_Info" time="6.77"/>
  <testcase classname="testcases_KnowledgeSets.TC_015_KnowledgeSets" name="tc_015_Verify_SincX_Logo" time="8.294"/>
  <testcase classname="testcases_KnowledgeSets.TC_008_KnowledgeSets" name="tc_008_Verify_Knowledgesets_button" time="9.63"/>
  <testcase classname="testcases_KnowledgeSets.TC_001_KnowledgeSets" name="tc_001_KnowledgeSets_title" time="6.337"/>
  <testcase classname="testcases_KnowledgeSets.TC_009_KnowledgeSets" name="tc_009_Verify_Deletebutton" time="9.985"/>
  <testcase classname="testcases_KnowledgeSets.TC_006_KnowledgeSets" name="tc_006_Verify_Courses_link" time="6.341">
    <failure type="org.openqa.selenium.StaleElementReferenceException" message="stale element reference: stale element not found in the current frame
  (Session info: chrome=126.0.6478.127)
For documentation on this error, please visit: https://www.selenium.dev/documentation/webdriver/troubleshooting/errors#stale-element-reference-exception
Build info: version: &amp;apos;4.18.1&amp;apos;, revision: &amp;apos;b1d3319b48&amp;apos;
System info: os.name: &amp;apos;Windows 10&amp;apos;, os.arch: &amp;apos;amd64&amp;apos;, os.version: &amp;apos;10.0&amp;apos;, java.version: &amp;apos;17.0.11&amp;apos;
Driver info: org.openqa.selenium.chrome.ChromeDriver
Command: [4bb79f8c74daecfe0d10683be74f1317, clickElement {id=f.B4AFAA1D7A984EBAA170EC8940EBBA15.d.C8D32DA4774509F3E8D82DC126C5131B.e.192}]
Capabilities {acceptInsecureCerts: false, browserName: chrome, browserVersion: 126.0.6478.127, chrome: {chromedriverVersion: 126.0.6478.126 (d36ace6122e..., userDataDir: C:\Users\bujji\AppData\Loca...}, fedcm:accounts: true, goog:chromeOptions: {debuggerAddress: localhost:51977}, networkConnectionEnabled: false, pageLoadStrategy: normal, platformName: windows, proxy: Proxy(), se:cdp: ws://localhost:51977/devtoo..., se:cdpVersion: 126.0.6478.127, setWindowRect: true, strictFileInteractability: false, timeouts: {implicit: 0, pageLoad: 300000, script: 30000}, unhandledPromptBehavior: dismiss and notify, webauthn:extension:credBlob: true, webauthn:extension:largeBlob: true, webauthn:extension:minPinLength: true, webauthn:extension:prf: true, webauthn:virtualAuthenticators: true}
Element: [[ChromeDriver: chrome on windows (4bb79f8c74daecfe0d10683be74f1317)] -&amp;gt; xpath: //div[@class=&amp;apos;_1ll1jn7&amp;apos;]//img[@alt=&amp;apos;Logo Image&amp;apos;]]
Session ID: 4bb79f8c74daecfe0d10683be74f1317">
      <![CDATA[org.openqa.selenium.StaleElementReferenceException: stale element reference: stale element not found in the current frame
  (Session info: chrome=126.0.6478.127)
For documentation on this error, please visit: https://www.selenium.dev/documentation/webdriver/troubleshooting/errors#stale-element-reference-exception
Build info: version: '4.18.1', revision: 'b1d3319b48'
System info: os.name: 'Windows 10', os.arch: 'amd64', os.version: '10.0', java.version: '17.0.11'
Driver info: org.openqa.selenium.chrome.ChromeDriver
Command: [4bb79f8c74daecfe0d10683be74f1317, clickElement {id=f.B4AFAA1D7A984EBAA170EC8940EBBA15.d.C8D32DA4774509F3E8D82DC126C5131B.e.192}]
Capabilities {acceptInsecureCerts: false, browserName: chrome, browserVersion: 126.0.6478.127, chrome: {chromedriverVersion: 126.0.6478.126 (d36ace6122e..., userDataDir: C:\Users\bujji\AppData\Loca...}, fedcm:accounts: true, goog:chromeOptions: {debuggerAddress: localhost:51977}, networkConnectionEnabled: false, pageLoadStrategy: normal, platformName: windows, proxy: Proxy(), se:cdp: ws://localhost:51977/devtoo..., se:cdpVersion: 126.0.6478.127, setWindowRect: true, strictFileInteractability: false, timeouts: {implicit: 0, pageLoad: 300000, script: 30000}, unhandledPromptBehavior: dismiss and notify, webauthn:extension:credBlob: true, webauthn:extension:largeBlob: true, webauthn:extension:minPinLength: true, webauthn:extension:prf: true, webauthn:virtualAuthenticators: true}
Element: [[ChromeDriver: chrome on windows (4bb79f8c74daecfe0d10683be74f1317)] -> xpath: //div[@class='_1ll1jn7']//img[@alt='Logo Image']]
Session ID: 4bb79f8c74daecfe0d10683be74f1317
at org.openqa.selenium.remote.ErrorCodec.decode(ErrorCodec.java:167)
at org.openqa.selenium.remote.codec.w3c.W3CHttpResponseCodec.decode(W3CHttpResponseCodec.java:138)
at org.openqa.selenium.remote.codec.w3c.W3CHttpResponseCodec.decode(W3CHttpResponseCodec.java:50)
at org.openqa.selenium.remote.HttpCommandExecutor.execute(HttpCommandExecutor.java:190)
at org.openqa.selenium.remote.service.DriverCommandExecutor.invokeExecute(DriverCommandExecutor.java:216)
at org.openqa.selenium.remote.service.DriverCommandExecutor.execute(DriverCommandExecutor.java:174)
at org.openqa.selenium.remote.RemoteWebDriver.execute(RemoteWebDriver.java:519)
at org.openqa.selenium.remote.RemoteWebElement.execute(RemoteWebElement.java:223)
at org.openqa.selenium.remote.RemoteWebElement.click(RemoteWebElement.java:76)
at base.BaseClass.Login(BaseClass.java:56)
at testcases_KnowledgeSets.TC_006_KnowledgeSets.tc_006_Verify_Courses_link(TC_006_KnowledgeSets.java:14)
at java.base/java.util.ArrayList.forEach(ArrayList.java:1511)
... Removed 32 stack frames]]>
    </failure>
  </testcase> <!-- tc_006_Verify_Courses_link -->
  <testcase classname="testcases_KnowledgeSets.TC_014_KnowledgeSets" name="tc_014_Logout_button" time="9.887"/>
  <testcase classname="testcases_KnowledgeSets.TC_013_KnowledgeSets" name="tc_013_Verify_LearnerMode_button" time="9.685"/>
  <testcase classname="testcases_KnowledgeSets.TC_007_KnowledgeSets" name="tc_007_Verify_Explorebutton" time="21.204">
    <failure type="org.openqa.selenium.WebDriverException" message="target frame detached
  (failed to check if window was closed: disconnected: not connected to DevTools)
  (Session info: chrome=126.0.6478.127)
Build info: version: &amp;apos;4.18.1&amp;apos;, revision: &amp;apos;b1d3319b48&amp;apos;
System info: os.name: &amp;apos;Windows 10&amp;apos;, os.arch: &amp;apos;amd64&amp;apos;, os.version: &amp;apos;10.0&amp;apos;, java.version: &amp;apos;17.0.11&amp;apos;
Driver info: org.openqa.selenium.chrome.ChromeDriver
Command: [c84b83a744c4256381c924b58524b0c6, findElement {value=(//button[@type=&amp;apos;button&amp;apos;])[1], using=xpath}]
Capabilities {acceptInsecureCerts: false, browserName: chrome, browserVersion: 126.0.6478.127, chrome: {chromedriverVersion: 126.0.6478.126 (d36ace6122e..., userDataDir: C:\Users\bujji\AppData\Loca...}, fedcm:accounts: true, goog:chromeOptions: {debuggerAddress: localhost:52133}, networkConnectionEnabled: false, pageLoadStrategy: normal, platformName: windows, proxy: Proxy(), se:cdp: ws://localhost:52133/devtoo..., se:cdpVersion: 126.0.6478.127, setWindowRect: true, strictFileInteractability: false, timeouts: {implicit: 0, pageLoad: 300000, script: 30000}, unhandledPromptBehavior: dismiss and notify, webauthn:extension:credBlob: true, webauthn:extension:largeBlob: true, webauthn:extension:minPinLength: true, webauthn:extension:prf: true, webauthn:virtualAuthenticators: true}
Session ID: c84b83a744c4256381c924b58524b0c6">
      <![CDATA[org.openqa.selenium.WebDriverException: target frame detached
  (failed to check if window was closed: disconnected: not connected to DevTools)
  (Session info: chrome=126.0.6478.127)
Build info: version: '4.18.1', revision: 'b1d3319b48'
System info: os.name: 'Windows 10', os.arch: 'amd64', os.version: '10.0', java.version: '17.0.11'
Driver info: org.openqa.selenium.chrome.ChromeDriver
Command: [c84b83a744c4256381c924b58524b0c6, findElement {value=(//button[@type='button'])[1], using=xpath}]
Capabilities {acceptInsecureCerts: false, browserName: chrome, browserVersion: 126.0.6478.127, chrome: {chromedriverVersion: 126.0.6478.126 (d36ace6122e..., userDataDir: C:\Users\bujji\AppData\Loca...}, fedcm:accounts: true, goog:chromeOptions: {debuggerAddress: localhost:52133}, networkConnectionEnabled: false, pageLoadStrategy: normal, platformName: windows, proxy: Proxy(), se:cdp: ws://localhost:52133/devtoo..., se:cdpVersion: 126.0.6478.127, setWindowRect: true, strictFileInteractability: false, timeouts: {implicit: 0, pageLoad: 300000, script: 30000}, unhandledPromptBehavior: dismiss and notify, webauthn:extension:credBlob: true, webauthn:extension:largeBlob: true, webauthn:extension:minPinLength: true, webauthn:extension:prf: true, webauthn:virtualAuthenticators: true}
Session ID: c84b83a744c4256381c924b58524b0c6
at org.openqa.selenium.remote.ErrorCodec.decode(ErrorCodec.java:167)
at org.openqa.selenium.remote.codec.w3c.W3CHttpResponseCodec.decode(W3CHttpResponseCodec.java:138)
at org.openqa.selenium.remote.codec.w3c.W3CHttpResponseCodec.decode(W3CHttpResponseCodec.java:50)
at org.openqa.selenium.remote.HttpCommandExecutor.execute(HttpCommandExecutor.java:190)
at org.openqa.selenium.remote.service.DriverCommandExecutor.invokeExecute(DriverCommandExecutor.java:216)
at org.openqa.selenium.remote.service.DriverCommandExecutor.execute(DriverCommandExecutor.java:174)
at org.openqa.selenium.remote.RemoteWebDriver.execute(RemoteWebDriver.java:519)
at org.openqa.selenium.remote.ElementLocation$ElementFinder$2.findElement(ElementLocation.java:165)
at org.openqa.selenium.remote.ElementLocation.findElement(ElementLocation.java:59)
at org.openqa.selenium.remote.RemoteWebDriver.findElement(RemoteWebDriver.java:356)
at org.openqa.selenium.remote.RemoteWebDriver.findElement(RemoteWebDriver.java:350)
at testcases_KnowledgeSets.TC_007_KnowledgeSets.tc_007_Verify_Explorebutton(TC_007_KnowledgeSets.java:27)
at java.base/java.util.ArrayList.forEach(ArrayList.java:1511)
... Removed 32 stack frames]]>
    </failure>
  </testcase> <!-- tc_007_Verify_Explorebutton -->
  <testcase classname="testcases_KnowledgeSets.TC_012_KnowledgeSets" name="tc_012_Verify_Settings_Symbol" time="9.198"/>
  <testcase classname="testcases_KnowledgeSets.TC_010_KnowledgeSets" name="tc_010_Verify_Addbutton" time="10.103"/>
  <testcase classname="testcases_KnowledgeSets.TC_004_KnowledgeSets" name="tc_004_Verify_EDIT_Course_Status_disabled" time="11.237"/>
  <testcase classname="testcases_KnowledgeSets.TC_005_KnowledgeSets" name="tc_005_Edit_course_Status_live" time="11.028"/>
</testsuite> <!-- Test -->
